<?xml version="1.0" encoding="UTF-8"?>
<testng-results skipped="0" failed="0" ignored="0" total="1" passed="1">
  <reporter-output>
  </reporter-output>
  <suite name="Surefire suite" duration-ms="81" started-at="2021-02-22T15:34:21 CET" finished-at="2021-02-22T15:34:21 CET">
    <groups>
    </groups>
    <test name="Surefire test" duration-ms="81" started-at="2021-02-22T15:34:21 CET" finished-at="2021-02-22T15:34:21 CET">
      <class name="remoteTesting.dockerValidation.AppTest">
        <test-method status="PASS" signature="shouldAnswerWithTrue()" name="shouldAnswerWithTrue" duration-ms="15" started-at="2021-02-22T15:34:21 CET" finished-at="2021-02-22T15:34:21 CET">
          <reporter-output>
          </reporter-output>
        </test-method> <!-- shouldAnswerWithTrue -->
      </class> <!-- remoteTesting.dockerValidation.AppTest -->
    </test> <!-- Surefire test -->
  </suite> <!-- Surefire suite -->
</testng-results>
