<?xml version="1.0" encoding="UTF-8"?>
<!-- Generated by org.testng.reporters.JUnitXMLReporter -->
<testsuite ignored="0" hostname="DESKTOP-I76TGM3" failures="0" tests="2" name="Default test" time="25.745" errors="0" timestamp="2021-02-22T14:36:02 CET">
  <testcase classname="remoteTesting.dockerValidation.startAndStopDocker" name="startDocker" time="22.672"/>
  <testcase classname="remoteTesting.dockerValidation.startAndStopDocker" name="stopDocker" time="3.025"/>
</testsuite> <!-- Default test -->
