<?xml version="1.0" encoding="UTF-8"?>
<!-- Generated by org.testng.reporters.JUnitXMLReporter -->
<testsuite ignored="0" hostname="DESKTOP-I76TGM3" failures="0" tests="3" name="Test" time="87.848" errors="0" timestamp="2021-02-23T11:23:01 CET">
  <testcase classname="remoteTesting.dockerValidation.firefoxTest2" name="@AfterTest stopDockerDeleteFile" time="3.01">
    <failure type="java.io.FileNotFoundException" message="output.txt (Le fichier spécifié est introuvable)">
      <![CDATA[java.io.FileNotFoundException: output.txt (Le fichier spécifié est introuvable)
at java.base/java.io.FileInputStream.open0(Native Method)
at java.base/java.io.FileInputStream.open(FileInputStream.java:211)
at java.base/java.io.FileInputStream.<init>(FileInputStream.java:153)
at java.base/java.io.FileInputStream.<init>(FileInputStream.java:108)
at java.base/java.io.FileReader.<init>(FileReader.java:60)
at remoteTesting.dockerValidation.stopDocker.stop(stopDocker.java:37)
at remoteTesting.dockerValidation.firefoxTest2.stopDockerDeleteFile(firefoxTest2.java:39)
... Removed 24 stack frames]]>
    </failure>
  </testcase> <!-- @AfterTest stopDockerDeleteFile -->
  <testcase classname="remoteTesting.dockerValidation.chromeTest" name="test" time="6.018"/>
  <testcase classname="remoteTesting.dockerValidation.firefoxTest1" name="test1" time="13.174"/>
  <testcase classname="remoteTesting.dockerValidation.firefoxTest2" name="test2" time="13.893"/>
</testsuite> <!-- Test -->
