<?xml version="1.0" encoding="UTF-8"?>
<testng-results skipped="0" failed="0" ignored="0" total="1" passed="1">
  <reporter-output>
  </reporter-output>
  <suite name="Surefire suite" duration-ms="24078" started-at="2021-02-22T15:33:56 CET" finished-at="2021-02-22T15:34:21 CET">
    <groups>
    </groups>
    <test name="Surefire test" duration-ms="24078" started-at="2021-02-22T15:33:56 CET" finished-at="2021-02-22T15:34:21 CET">
      <class name="remoteTesting.dockerValidation.chromeTest">
        <test-method status="PASS" signature="startDockerScale()[pri:0, instance:remoteTesting.dockerValidation.chromeTest@5700d6b1]" name="startDockerScale" is-config="true" duration-ms="18039" started-at="2021-02-22T15:33:56 CET" finished-at="2021-02-22T15:34:14 CET">
          <reporter-output>
          </reporter-output>
        </test-method> <!-- startDockerScale -->
        <test-method status="PASS" signature="test()[pri:0, instance:remoteTesting.dockerValidation.chromeTest@5700d6b1]" name="test" duration-ms="2946" started-at="2021-02-22T15:34:15 CET" finished-at="2021-02-22T15:34:18 CET">
          <reporter-output>
          </reporter-output>
        </test-method> <!-- test -->
        <test-method status="PASS" signature="stopDockerDeleteFile()[pri:0, instance:remoteTesting.dockerValidation.chromeTest@5700d6b1]" name="stopDockerDeleteFile" is-config="true" duration-ms="3004" started-at="2021-02-22T15:34:18 CET" finished-at="2021-02-22T15:34:21 CET">
          <reporter-output>
          </reporter-output>
        </test-method> <!-- stopDockerDeleteFile -->
      </class> <!-- remoteTesting.dockerValidation.chromeTest -->
    </test> <!-- Surefire test -->
  </suite> <!-- Surefire suite -->
</testng-results>
