<?xml version="1.0" encoding="UTF-8"?>
<testsuite xmlns:xsi="http://www.w3.org/2001/XMLSchema-instance" xsi:noNamespaceSchemaLocation="https://maven.apache.org/surefire/maven-surefire-plugin/xsd/surefire-test-report.xsd" name="TestSuite" time="24.677" tests="2" errors="0" skipped="0" failures="0">
  <properties>
[...]
</properties>
  <testcase name="test" classname="remoteTesting.dockerValidation.chromeTest" time="2.946"/>
  <testcase name="shouldAnswerWithTrue on shouldAnswerWithTrue(remoteTesting.dockerValidation.AppTest)" classname="remoteTesting.dockerValidation.AppTest" time="0.001"/>
</testsuite>