<?xml version="1.0" encoding="UTF-8"?>
<testng-results ignored="0" total="3" passed="3" failed="0" skipped="0">
  <reporter-output>
  </reporter-output>
  <suite started-at="2021-02-23T11:21:33 CET" name="Suite" finished-at="2021-02-23T11:23:01 CET" duration-ms="87848">
    <groups>
    </groups>
    <test started-at="2021-02-23T11:21:33 CET" name="Test" finished-at="2021-02-23T11:23:01 CET" duration-ms="87848">
      <class name="remoteTesting.dockerValidation.firefoxTest2">
        <test-method is-config="true" signature="startDockerScale()[pri:0, instance:remoteTesting.dockerValidation.firefoxTest2@2e222612]" started-at="2021-02-23T11:22:16 CET" name="startDockerScale" finished-at="2021-02-23T11:22:34 CET" duration-ms="18011" status="PASS">
          <reporter-output>
          </reporter-output>
        </test-method> <!-- startDockerScale -->
        <test-method signature="test2()[pri:0, instance:remoteTesting.dockerValidation.firefoxTest2@2e222612]" started-at="2021-02-23T11:22:34 CET" name="test2" finished-at="2021-02-23T11:22:48 CET" duration-ms="13893" status="PASS">
          <reporter-output>
          </reporter-output>
        </test-method> <!-- test2 -->
        <test-method is-config="true" signature="stopDockerDeleteFile()[pri:0, instance:remoteTesting.dockerValidation.firefoxTest2@2e222612]" started-at="2021-02-23T11:22:58 CET" name="stopDockerDeleteFile" finished-at="2021-02-23T11:23:01 CET" duration-ms="3010" status="FAIL">
          <exception class="java.io.FileNotFoundException">
            <message>
              <![CDATA[output.txt (Le fichier spécifié est introuvable)]]>
            </message>
            <full-stacktrace>
              <![CDATA[java.io.FileNotFoundException: output.txt (Le fichier spécifié est introuvable)
at java.base/java.io.FileInputStream.open0(Native Method)
at java.base/java.io.FileInputStream.open(FileInputStream.java:211)
at java.base/java.io.FileInputStream.<init>(FileInputStream.java:153)
at java.base/java.io.FileInputStream.<init>(FileInputStream.java:108)
at java.base/java.io.FileReader.<init>(FileReader.java:60)
at remoteTesting.dockerValidation.stopDocker.stop(stopDocker.java:37)
at remoteTesting.dockerValidation.firefoxTest2.stopDockerDeleteFile(firefoxTest2.java:39)
at java.base/jdk.internal.reflect.NativeMethodAccessorImpl.invoke0(Native Method)
at java.base/jdk.internal.reflect.NativeMethodAccessorImpl.invoke(NativeMethodAccessorImpl.java:64)
at java.base/jdk.internal.reflect.DelegatingMethodAccessorImpl.invoke(DelegatingMethodAccessorImpl.java:43)
at java.base/java.lang.reflect.Method.invoke(Method.java:564)
at org.testng.internal.MethodInvocationHelper.invokeMethod(MethodInvocationHelper.java:132)
at org.testng.internal.MethodInvocationHelper.invokeMethodConsideringTimeout(MethodInvocationHelper.java:61)
at org.testng.internal.ConfigInvoker.invokeConfigurationMethod(ConfigInvoker.java:366)
at org.testng.internal.ConfigInvoker.invokeConfigurations(ConfigInvoker.java:320)
at org.testng.TestRunner.invokeTestConfigurations(TestRunner.java:617)
at org.testng.TestRunner.afterRun(TestRunner.java:847)
at org.testng.TestRunner.run(TestRunner.java:588)
at org.testng.SuiteRunner.runTest(SuiteRunner.java:384)
at org.testng.SuiteRunner.runSequentially(SuiteRunner.java:378)
at org.testng.SuiteRunner.privateRun(SuiteRunner.java:337)
at org.testng.SuiteRunner.run(SuiteRunner.java:286)
at org.testng.SuiteRunnerWorker.runSuite(SuiteRunnerWorker.java:53)
at org.testng.SuiteRunnerWorker.run(SuiteRunnerWorker.java:96)
at org.testng.TestNG.runSuitesSequentially(TestNG.java:1218)
at org.testng.TestNG.runSuitesLocally(TestNG.java:1140)
at org.testng.TestNG.runSuites(TestNG.java:1069)
at org.testng.TestNG.run(TestNG.java:1037)
at org.testng.remote.AbstractRemoteTestNG.run(AbstractRemoteTestNG.java:115)
at org.testng.remote.RemoteTestNG.initAndRun(RemoteTestNG.java:251)
at org.testng.remote.RemoteTestNG.main(RemoteTestNG.java:77)
]]>
            </full-stacktrace>
          </exception> <!-- java.io.FileNotFoundException -->
          <reporter-output>
          </reporter-output>
        </test-method> <!-- stopDockerDeleteFile -->
      </class> <!-- remoteTesting.dockerValidation.firefoxTest2 -->
      <class name="remoteTesting.dockerValidation.firefoxTest1">
        <test-method is-config="true" signature="startDockerScale()[pri:0, instance:remoteTesting.dockerValidation.firefoxTest1@3246fb96]" started-at="2021-02-23T11:21:58 CET" name="startDockerScale" finished-at="2021-02-23T11:22:16 CET" duration-ms="18050" status="PASS">
          <reporter-output>
          </reporter-output>
        </test-method> <!-- startDockerScale -->
        <test-method signature="test1()[pri:0, instance:remoteTesting.dockerValidation.firefoxTest1@3246fb96]" started-at="2021-02-23T11:22:34 CET" name="test1" finished-at="2021-02-23T11:22:47 CET" duration-ms="13174" status="PASS">
          <reporter-output>
          </reporter-output>
        </test-method> <!-- test1 -->
        <test-method is-config="true" signature="stopDockerDeleteFile()[pri:0, instance:remoteTesting.dockerValidation.firefoxTest1@3246fb96]" started-at="2021-02-23T11:22:55 CET" name="stopDockerDeleteFile" finished-at="2021-02-23T11:22:58 CET" duration-ms="3009" status="PASS">
          <reporter-output>
          </reporter-output>
        </test-method> <!-- stopDockerDeleteFile -->
      </class> <!-- remoteTesting.dockerValidation.firefoxTest1 -->
      <class name="remoteTesting.dockerValidation.chromeTest">
        <test-method is-config="true" signature="startDockerScale()[pri:0, instance:remoteTesting.dockerValidation.chromeTest@61386958]" started-at="2021-02-23T11:21:33 CET" name="startDockerScale" finished-at="2021-02-23T11:21:58 CET" duration-ms="24599" status="PASS">
          <reporter-output>
          </reporter-output>
        </test-method> <!-- startDockerScale -->
        <test-method signature="test()[pri:0, instance:remoteTesting.dockerValidation.chromeTest@61386958]" started-at="2021-02-23T11:22:34 CET" name="test" finished-at="2021-02-23T11:22:40 CET" duration-ms="6018" status="PASS">
          <reporter-output>
          </reporter-output>
        </test-method> <!-- test -->
        <test-method is-config="true" signature="stopDockerDeleteFile()[pri:0, instance:remoteTesting.dockerValidation.chromeTest@61386958]" started-at="2021-02-23T11:22:48 CET" name="stopDockerDeleteFile" finished-at="2021-02-23T11:22:55 CET" duration-ms="7210" status="PASS">
          <reporter-output>
          </reporter-output>
        </test-method> <!-- stopDockerDeleteFile -->
      </class> <!-- remoteTesting.dockerValidation.chromeTest -->
    </test> <!-- Test -->
  </suite> <!-- Suite -->
</testng-results>
